<?xml version="1.0" encoding="UTF-8"?>
<!-- Generated by org.testng.reporters.JUnitXMLReporter -->
<testsuite ignored="0" hostname="LAPTOP-FBD7K1JQ" failures="0" tests="1" name="chrometest" time="20.814" errors="0" timestamp="2025-03-06T10:32:54 IST">
  <testcase classname="testNg.paraMetarizationUsingXml" name="@BeforeClass setup" time="8.88">
    <failure type="org.openqa.selenium.remote.NoSuchDriverException" message="Unable to obtain: Capabilities {acceptInsecureCerts: true, browserName: firefox, moz:debuggerAddress: true, moz:firefoxOptions: {}}, error Command failed with code: -1073740791, executed: [C:\Users\SAMIRS~1\AppData\Local\Temp\selenium-manager5054068882508009504520690447148881\selenium-manager.exe, --browser, firefox, --output, json]
thread &amp;apos;main&amp;apos; panicked at &amp;apos;called `Result::unwrap()` on an `Err` value: Os { code: 1920, kind: Uncategorized, message: &amp;quot;The file cannot be accessed by the system.&amp;quot; }&amp;apos;, src\lib.rs:656:14
note: run with `RUST_BACKTRACE=1` environment variable to display a backtrace
">
      <![CDATA[org.openqa.selenium.remote.NoSuchDriverException: Unable to obtain: Capabilities {acceptInsecureCerts: true, browserName: firefox, moz:debuggerAddress: true, moz:firefoxOptions: {}}, error Command failed with code: -1073740791, executed: [C:\Users\SAMIRS~1\AppData\Local\Temp\selenium-manager5054068882508009504520690447148881\selenium-manager.exe, --browser, firefox, --output, json]
thread 'main' panicked at 'called `Result::unwrap()` on an `Err` value: Os { code: 1920, kind: Uncategorized, message: "The file cannot be accessed by the system." }', src\lib.rs:656:14
note: run with `RUST_BACKTRACE=1` environment variable to display a backtrace

at org.openqa.selenium.remote.service.DriverFinder.getPath(DriverFinder.java:25)
at org.openqa.selenium.remote.service.DriverFinder.getPath(DriverFinder.java:13)
at org.openqa.selenium.firefox.FirefoxDriver.generateExecutor(FirefoxDriver.java:141)
at org.openqa.selenium.firefox.FirefoxDriver.<init>(FirefoxDriver.java:132)
at org.openqa.selenium.firefox.FirefoxDriver.<init>(FirefoxDriver.java:127)
at org.openqa.selenium.firefox.FirefoxDriver.<init>(FirefoxDriver.java:112)
at org.openqa.selenium.firefox.FirefoxDriver.<init>(FirefoxDriver.java:102)
at testNg.paraMetarizationUsingXml.setup(paraMetarizationUsingXml.java:25)
at java.base/java.util.ArrayList.forEach(ArrayList.java:1597)
at java.base/java.util.concurrent.FutureTask.run(FutureTask.java:317)
at java.base/java.util.concurrent.ThreadPoolExecutor.runWorker(ThreadPoolExecutor.java:1144)
at java.base/java.util.concurrent.ThreadPoolExecutor$Worker.run(ThreadPoolExecutor.java:642)
at java.base/java.lang.Thread.run(Thread.java:1575)
Caused by: org.openqa.selenium.WebDriverException: Command failed with code: -1073740791, executed: [C:\Users\SAMIRS~1\AppData\Local\Temp\selenium-manager5054068882508009504520690447148881\selenium-manager.exe, --browser, firefox, --output, json]
thread 'main' panicked at 'called `Result::unwrap()` on an `Err` value: Os { code: 1920, kind: Uncategorized, message: "The file cannot be accessed by the system." }', src\lib.rs:656:14
note: run with `RUST_BACKTRACE=1` environment variable to display a backtrace

at org.openqa.selenium.manager.SeleniumManager.runCommand(SeleniumManager.java:151)
at org.openqa.selenium.manager.SeleniumManager.getDriverPath(SeleniumManager.java:273)
at org.openqa.selenium.remote.service.DriverFinder.getPath(DriverFinder.java:22)
... 25 more
Caused by: org.openqa.selenium.json.JsonException: Unable to parse: thread 'main' panicked at 'called `Result::unwrap()` on an `Err` value: Os { code: 1920, kind: Uncategorized, message: "The file cannot be accessed by the system." }', src\lib.rs:656:14
note: run with `RUST_BACKTRACE=1` environment variable to display a backtrace

at org.openqa.selenium.json.Json.toType(Json.java:62)
at org.openqa.selenium.json.Json.toType(Json.java:55)
at org.openqa.selenium.manager.SeleniumManager.runCommand(SeleniumManager.java:131)
... 27 more
Caused by: org.openqa.selenium.json.JsonException: Expected to read a START_MAP but instead have: BOOLEAN. Last 0 characters read: 
Build info: version: '4.11.0', revision: '040bc5406b'
System info: os.name: 'Windows 11', os.arch: 'amd64', os.version: '10.0', java.version: '23'
Driver info: driver.version: FirefoxDriver
at org.openqa.selenium.json.JsonInput.expect(JsonInput.java:315)
at org.openqa.selenium.json.JsonInput.beginObject(JsonInput.java:238)
at org.openqa.selenium.json.InstanceCoercer.lambda$apply$0(InstanceCoercer.java:76)
at org.openqa.selenium.json.JsonTypeCoercer.lambda$buildCoercer$6(JsonTypeCoercer.java:163)
at org.openqa.selenium.json.JsonTypeCoercer.coerce(JsonTypeCoercer.java:145)
at org.openqa.selenium.json.Json.toType(Json.java:76)
at org.openqa.selenium.json.Json.toType(Json.java:60)
... 29 more
... Removed 13 stack frames]]>
    </failure>
  </testcase> <!-- @BeforeClass setup -->
  <testcase classname="testNg.paraMetarizationUsingXml" name="@AfterClass tearDown" time="0.0">
    <skipped/>
  </testcase> <!-- @AfterClass tearDown -->
  <testcase classname="testNg.paraMetarizationUsingXml" name="login" time="5.357"/>
</testsuite> <!-- chrometest -->
