<html>
<head>
<title>TestNG:  firefoxTest</title>
<link href="../testng.css" rel="stylesheet" type="text/css" />
<link href="../my-testng.css" rel="stylesheet" type="text/css" />

<style type="text/css">
.log { display: none;} 
.stack-trace { display: none;} 
</style>
<script type="text/javascript">
<!--
function flip(e) {
  current = e.style.display;
  if (current == 'block') {
    e.style.display = 'none';
    return 0;
  }
  else {
    e.style.display = 'block';
    return 1;
  }
}

function toggleBox(szDivId, elem, msg1, msg2)
{
  var res = -1;  if (document.getElementById) {
    res = flip(document.getElementById(szDivId));
  }
  else if (document.all) {
    // this is the way old msie versions work
    res = flip(document.all[szDivId]);
  }
  if(elem) {
    if(res == 0) elem.innerHTML = msg1; else elem.innerHTML = msg2;
  }

}

function toggleAllBoxes() {
  if (document.getElementsByTagName) {
    d = document.getElementsByTagName('div');
    for (i = 0; i < d.length; i++) {
      if (d[i].className == 'log') {
        flip(d[i]);
      }
    }
  }
}

// -->
</script>

</head>
<body>
<h2 align='center'>firefoxTest</h2><table border='1' align="center">
<tr>
<td>Tests passed/Failed/Skipped:</td><td>0/0/1</td>
</tr><tr>
<td>Started on:</td><td>Thu Mar 06 10:32:33 IST 2025</td>
</tr>
<tr><td>Total time:</td><td>9 seconds (9001 ms)</td>
</tr><tr>
<td>Included groups:</td><td></td>
</tr><tr>
<td>Excluded groups:</td><td></td>
</tr>
</table><p/>
<small><i>(Hover the method name to see the test class name)</i></small><p/>
<table width='100%' border='1' class='invocation-failed'>
<tr><td colspan='4' align='center'><b>FAILED CONFIGURATIONS</b></td></tr>
<tr><td><b>Test method</b></td>
<td><b>Attribute(s)</b></td>
<td width="30%"><b>Exception</b></td>
<td width="10%"><b>Time (seconds)</b></td>
<td><b>Instance</b></td>
</tr>
<tr>
<td title='testNg.paraMetarizationUsingXml.setup()'><b>setup</b><br>Test class: testNg.paraMetarizationUsingXml<br>Parameters: firefox</td>
<td><div><pre>org.openqa.selenium.remote.NoSuchDriverException: Unable to obtain: Capabilities {acceptInsecureCerts: true, browserName: firefox, moz:debuggerAddress: true, moz:firefoxOptions: {}}, error Command failed with code: -1073740791, executed: [C:\Users\SAMIRS~1\AppData\Local\Temp\selenium-manager5054068882508009504520690447148881\selenium-manager.exe, --browser, firefox, --output, json]
thread &apos;main&apos; panicked at &apos;called `Result::unwrap()` on an `Err` value: Os { code: 1920, kind: Uncategorized, message: &quot;The file cannot be accessed by the system.&quot; }&apos;, src\lib.rs:656:14
note: run with `RUST_BACKTRACE=1` environment variable to display a backtrace

	at org.openqa.selenium.remote.service.DriverFinder.getPath(DriverFinder.java:25)
	at org.openqa.selenium.remote.service.DriverFinder.getPath(DriverFinder.java:13)
	at org.openqa.selenium.firefox.FirefoxDriver.generateExecutor(FirefoxDriver.java:141)
	at org.openqa.selenium.firefox.FirefoxDriver.&lt;init&gt;(FirefoxDriver.java:132)
	at org.openqa.selenium.firefox.FirefoxDriver.&lt;init&gt;(FirefoxDriver.java:127)
	at org.openqa.selenium.firefox.FirefoxDriver.&lt;init&gt;(FirefoxDriver.java:112)
	at org.openqa.selenium.firefox.FirefoxDriver.&lt;init&gt;(FirefoxDriver.java:102)
	at testNg.paraMetarizationUsingXml.setup(paraMetarizationUsingXml.java:25)
	at java.base/java.util.ArrayList.forEach(ArrayList.java:1597)
	at java.base/java.util.concurrent.FutureTask.run(FutureTask.java:317)
	at java.base/java.util.concurrent.ThreadPoolExecutor.runWorker(ThreadPoolExecutor.java:1144)
	at java.base/java.util.concurrent.ThreadPoolExecutor$Worker.run(ThreadPoolExecutor.java:642)
	at java.base/java.lang.Thread.run(Thread.java:1575)
Caused by: org.openqa.selenium.WebDriverException: Command failed with code: -1073740791, executed: [C:\Users\SAMIRS~1\AppData\Local\Temp\selenium-manager5054068882508009504520690447148881\selenium-manager.exe, --browser, firefox, --output, json]
thread &apos;main&apos; panicked at &apos;called `Result::unwrap()` on an `Err` value: Os { code: 1920, kind: Uncategorized, message: &quot;The file cannot be accessed by the system.&quot; }&apos;, src\lib.rs:656:14
note: run with `RUST_BACKTRACE=1` environment variable to display a backtrace

	at org.openqa.selenium.manager.SeleniumManager.runCommand(SeleniumManager.java:151)
	at org.openqa.selenium.manager.SeleniumManager.getDriverPath(SeleniumManager.java:273)
	at org.openqa.selenium.remote.service.DriverFinder.getPath(DriverFinder.java:22)
	... 25 more
Caused by: org.openqa.selenium.json.JsonException: Unable to parse: thread &apos;main&apos; panicked at &apos;called `Result::unwrap()` on an `Err` value: Os { code: 1920, kind: Uncategorized, message: &quot;The file cannot be accessed by the system.&quot; }&apos;, src\lib.rs:656:14
note: run with `RUST_BACKTRACE=1` environment variable to display a backtrace

	at org.openqa.selenium.json.Json.toType(Json.java:62)
	at org.openqa.selenium.json.Json.toType(Json.java:55)
	at org.openqa.selenium.manager.SeleniumManager.runCommand(SeleniumManager.java:131)
	... 27 more
Caused by: org.openqa.selenium.json.JsonException: Expected to read a START_MAP but instead have: BOOLEAN. Last 0 characters read: 
Build info: version: &apos;4.11.0&apos;, revision: &apos;040bc5406b&apos;
System info: os.name: &apos;Windows 11&apos;, os.arch: &apos;amd64&apos;, os.version: &apos;10.0&apos;, java.version: &apos;23&apos;
Driver info: driver.version: FirefoxDriver
	at org.openqa.selenium.json.JsonInput.expect(JsonInput.java:315)
	at org.openqa.selenium.json.JsonInput.beginObject(JsonInput.java:238)
	at org.openqa.selenium.json.InstanceCoercer.lambda$apply$0(InstanceCoercer.java:76)
	at org.openqa.selenium.json.JsonTypeCoercer.lambda$buildCoercer$6(JsonTypeCoercer.java:163)
	at org.openqa.selenium.json.JsonTypeCoercer.coerce(JsonTypeCoercer.java:145)
	at org.openqa.selenium.json.Json.toType(Json.java:76)
	at org.openqa.selenium.json.Json.toType(Json.java:60)
	... 29 more
... Removed 13 stack frames</pre></div><a href='#' onClick='toggleBox("stack-trace1568365461", this, "Click to show all stack frames", "Click to hide stack frames")'>Click to show all stack frames</a>
<div class='stack-trace' id='stack-trace1568365461'><pre>org.openqa.selenium.remote.NoSuchDriverException: Unable to obtain: Capabilities {acceptInsecureCerts: true, browserName: firefox, moz:debuggerAddress: true, moz:firefoxOptions: {}}, error Command failed with code: -1073740791, executed: [C:\Users\SAMIRS~1\AppData\Local\Temp\selenium-manager5054068882508009504520690447148881\selenium-manager.exe, --browser, firefox, --output, json]
thread &apos;main&apos; panicked at &apos;called `Result::unwrap()` on an `Err` value: Os { code: 1920, kind: Uncategorized, message: &quot;The file cannot be accessed by the system.&quot; }&apos;, src\lib.rs:656:14
note: run with `RUST_BACKTRACE=1` environment variable to display a backtrace

	at org.openqa.selenium.remote.service.DriverFinder.getPath(DriverFinder.java:25)
	at org.openqa.selenium.remote.service.DriverFinder.getPath(DriverFinder.java:13)
	at org.openqa.selenium.firefox.FirefoxDriver.generateExecutor(FirefoxDriver.java:141)
	at org.openqa.selenium.firefox.FirefoxDriver.&lt;init&gt;(FirefoxDriver.java:132)
	at org.openqa.selenium.firefox.FirefoxDriver.&lt;init&gt;(FirefoxDriver.java:127)
	at org.openqa.selenium.firefox.FirefoxDriver.&lt;init&gt;(FirefoxDriver.java:112)
	at org.openqa.selenium.firefox.FirefoxDriver.&lt;init&gt;(FirefoxDriver.java:102)
	at testNg.paraMetarizationUsingXml.setup(paraMetarizationUsingXml.java:25)
	at java.base/jdk.internal.reflect.DirectMethodHandleAccessor.invoke(DirectMethodHandleAccessor.java:103)
	at java.base/java.lang.reflect.Method.invoke(Method.java:580)
	at org.testng.internal.invokers.MethodInvocationHelper.invokeMethod(MethodInvocationHelper.java:141)
	at org.testng.internal.invokers.MethodInvocationHelper.invokeMethodConsideringTimeout(MethodInvocationHelper.java:71)
	at org.testng.internal.invokers.ConfigInvoker.invokeConfigurationMethod(ConfigInvoker.java:400)
	at org.testng.internal.invokers.ConfigInvoker.invokeConfigurations(ConfigInvoker.java:333)
	at org.testng.internal.invokers.TestMethodWorker.invokeBeforeClassMethods(TestMethodWorker.java:188)
	at org.testng.internal.invokers.TestMethodWorker.run(TestMethodWorker.java:128)
	at java.base/java.util.ArrayList.forEach(ArrayList.java:1597)
	at org.testng.TestRunner.privateRun(TestRunner.java:739)
	at org.testng.TestRunner.run(TestRunner.java:614)
	at org.testng.SuiteRunner.runTest(SuiteRunner.java:421)
	at org.testng.SuiteRunner$SuiteWorker.run(SuiteRunner.java:463)
	at org.testng.internal.thread.ThreadUtil.lambda$execute$0(ThreadUtil.java:64)
	at java.base/java.util.concurrent.FutureTask.run(FutureTask.java:317)
	at java.base/java.util.concurrent.ThreadPoolExecutor.runWorker(ThreadPoolExecutor.java:1144)
	at java.base/java.util.concurrent.ThreadPoolExecutor$Worker.run(ThreadPoolExecutor.java:642)
	at java.base/java.lang.Thread.run(Thread.java:1575)
Caused by: org.openqa.selenium.WebDriverException: Command failed with code: -1073740791, executed: [C:\Users\SAMIRS~1\AppData\Local\Temp\selenium-manager5054068882508009504520690447148881\selenium-manager.exe, --browser, firefox, --output, json]
thread &apos;main&apos; panicked at &apos;called `Result::unwrap()` on an `Err` value: Os { code: 1920, kind: Uncategorized, message: &quot;The file cannot be accessed by the system.&quot; }&apos;, src\lib.rs:656:14
note: run with `RUST_BACKTRACE=1` environment variable to display a backtrace

	at org.openqa.selenium.manager.SeleniumManager.runCommand(SeleniumManager.java:151)
	at org.openqa.selenium.manager.SeleniumManager.getDriverPath(SeleniumManager.java:273)
	at org.openqa.selenium.remote.service.DriverFinder.getPath(DriverFinder.java:22)
	... 25 more
Caused by: org.openqa.selenium.json.JsonException: Unable to parse: thread &apos;main&apos; panicked at &apos;called `Result::unwrap()` on an `Err` value: Os { code: 1920, kind: Uncategorized, message: &quot;The file cannot be accessed by the system.&quot; }&apos;, src\lib.rs:656:14
note: run with `RUST_BACKTRACE=1` environment variable to display a backtrace

	at org.openqa.selenium.json.Json.toType(Json.java:62)
	at org.openqa.selenium.json.Json.toType(Json.java:55)
	at org.openqa.selenium.manager.SeleniumManager.runCommand(SeleniumManager.java:131)
	... 27 more
Caused by: org.openqa.selenium.json.JsonException: Expected to read a START_MAP but instead have: BOOLEAN. Last 0 characters read: 
Build info: version: &apos;4.11.0&apos;, revision: &apos;040bc5406b&apos;
System info: os.name: &apos;Windows 11&apos;, os.arch: &apos;amd64&apos;, os.version: &apos;10.0&apos;, java.version: &apos;23&apos;
Driver info: driver.version: FirefoxDriver
	at org.openqa.selenium.json.JsonInput.expect(JsonInput.java:315)
	at org.openqa.selenium.json.JsonInput.beginObject(JsonInput.java:238)
	at org.openqa.selenium.json.InstanceCoercer.lambda$apply$0(InstanceCoercer.java:76)
	at org.openqa.selenium.json.JsonTypeCoercer.lambda$buildCoercer$6(JsonTypeCoercer.java:163)
	at org.openqa.selenium.json.JsonTypeCoercer.coerce(JsonTypeCoercer.java:145)
	at org.openqa.selenium.json.Json.toType(Json.java:76)
	at org.openqa.selenium.json.Json.toType(Json.java:60)
	... 29 more
</pre></div></td>
<td>8</td>
<td>testNg.paraMetarizationUsingXml@a1cdc6d</td></tr>
</table><p>
<table width='100%' border='1' class='invocation-skipped'>
<tr><td colspan='4' align='center'><b>SKIPPED CONFIGURATIONS</b></td></tr>
<tr><td><b>Test method</b></td>
<td><b>Attribute(s)</b></td>
<td width="30%"><b>Exception</b></td>
<td width="10%"><b>Time (seconds)</b></td>
<td><b>Instance</b></td>
</tr>
<tr>
<td title='testNg.paraMetarizationUsingXml.tearDown()'><b>tearDown</b><br>Test class: testNg.paraMetarizationUsingXml</td>
<td></td>
<td>0</td>
<td>testNg.paraMetarizationUsingXml@a1cdc6d</td></tr>
</table><p>
<table width='100%' border='1' class='invocation-skipped'>
<tr><td colspan='4' align='center'><b>SKIPPED TESTS</b></td></tr>
<tr><td><b>Test method</b></td>
<td><b>Attribute(s)</b></td>
<td width="30%"><b>Exception</b></td>
<td width="10%"><b>Time (seconds)</b></td>
<td><b>Instance</b></td>
</tr>
<tr>
<td title='testNg.paraMetarizationUsingXml.login()'><b>login</b><br>Test class: testNg.paraMetarizationUsingXml<br>Parameters: Admin, admin123</td>
<td><div><pre>org.openqa.selenium.remote.NoSuchDriverException: Unable to obtain: Capabilities {acceptInsecureCerts: true, browserName: firefox, moz:debuggerAddress: true, moz:firefoxOptions: {}}, error Command failed with code: -1073740791, executed: [C:\Users\SAMIRS~1\AppData\Local\Temp\selenium-manager5054068882508009504520690447148881\selenium-manager.exe, --browser, firefox, --output, json]
thread &apos;main&apos; panicked at &apos;called `Result::unwrap()` on an `Err` value: Os { code: 1920, kind: Uncategorized, message: &quot;The file cannot be accessed by the system.&quot; }&apos;, src\lib.rs:656:14
note: run with `RUST_BACKTRACE=1` environment variable to display a backtrace

	at org.openqa.selenium.remote.service.DriverFinder.getPath(DriverFinder.java:25)
	at org.openqa.selenium.remote.service.DriverFinder.getPath(DriverFinder.java:13)
	at org.openqa.selenium.firefox.FirefoxDriver.generateExecutor(FirefoxDriver.java:141)
	at org.openqa.selenium.firefox.FirefoxDriver.&lt;init&gt;(FirefoxDriver.java:132)
	at org.openqa.selenium.firefox.FirefoxDriver.&lt;init&gt;(FirefoxDriver.java:127)
	at org.openqa.selenium.firefox.FirefoxDriver.&lt;init&gt;(FirefoxDriver.java:112)
	at org.openqa.selenium.firefox.FirefoxDriver.&lt;init&gt;(FirefoxDriver.java:102)
	at testNg.paraMetarizationUsingXml.setup(paraMetarizationUsingXml.java:25)
	at java.base/java.util.ArrayList.forEach(ArrayList.java:1597)
	at java.base/java.util.concurrent.FutureTask.run(FutureTask.java:317)
	at java.base/java.util.concurrent.ThreadPoolExecutor.runWorker(ThreadPoolExecutor.java:1144)
	at java.base/java.util.concurrent.ThreadPoolExecutor$Worker.run(ThreadPoolExecutor.java:642)
	at java.base/java.lang.Thread.run(Thread.java:1575)
Caused by: org.openqa.selenium.WebDriverException: Command failed with code: -1073740791, executed: [C:\Users\SAMIRS~1\AppData\Local\Temp\selenium-manager5054068882508009504520690447148881\selenium-manager.exe, --browser, firefox, --output, json]
thread &apos;main&apos; panicked at &apos;called `Result::unwrap()` on an `Err` value: Os { code: 1920, kind: Uncategorized, message: &quot;The file cannot be accessed by the system.&quot; }&apos;, src\lib.rs:656:14
note: run with `RUST_BACKTRACE=1` environment variable to display a backtrace

	at org.openqa.selenium.manager.SeleniumManager.runCommand(SeleniumManager.java:151)
	at org.openqa.selenium.manager.SeleniumManager.getDriverPath(SeleniumManager.java:273)
	at org.openqa.selenium.remote.service.DriverFinder.getPath(DriverFinder.java:22)
	... 25 more
Caused by: org.openqa.selenium.json.JsonException: Unable to parse: thread &apos;main&apos; panicked at &apos;called `Result::unwrap()` on an `Err` value: Os { code: 1920, kind: Uncategorized, message: &quot;The file cannot be accessed by the system.&quot; }&apos;, src\lib.rs:656:14
note: run with `RUST_BACKTRACE=1` environment variable to display a backtrace

	at org.openqa.selenium.json.Json.toType(Json.java:62)
	at org.openqa.selenium.json.Json.toType(Json.java:55)
	at org.openqa.selenium.manager.SeleniumManager.runCommand(SeleniumManager.java:131)
	... 27 more
Caused by: org.openqa.selenium.json.JsonException: Expected to read a START_MAP but instead have: BOOLEAN. Last 0 characters read: 
Build info: version: &apos;4.11.0&apos;, revision: &apos;040bc5406b&apos;
System info: os.name: &apos;Windows 11&apos;, os.arch: &apos;amd64&apos;, os.version: &apos;10.0&apos;, java.version: &apos;23&apos;
Driver info: driver.version: FirefoxDriver
	at org.openqa.selenium.json.JsonInput.expect(JsonInput.java:315)
	at org.openqa.selenium.json.JsonInput.beginObject(JsonInput.java:238)
	at org.openqa.selenium.json.InstanceCoercer.lambda$apply$0(InstanceCoercer.java:76)
	at org.openqa.selenium.json.JsonTypeCoercer.lambda$buildCoercer$6(JsonTypeCoercer.java:163)
	at org.openqa.selenium.json.JsonTypeCoercer.coerce(JsonTypeCoercer.java:145)
	at org.openqa.selenium.json.Json.toType(Json.java:76)
	at org.openqa.selenium.json.Json.toType(Json.java:60)
	... 29 more
... Removed 13 stack frames</pre></div><a href='#' onClick='toggleBox("stack-trace527216572", this, "Click to show all stack frames", "Click to hide stack frames")'>Click to show all stack frames</a>
<div class='stack-trace' id='stack-trace527216572'><pre>org.openqa.selenium.remote.NoSuchDriverException: Unable to obtain: Capabilities {acceptInsecureCerts: true, browserName: firefox, moz:debuggerAddress: true, moz:firefoxOptions: {}}, error Command failed with code: -1073740791, executed: [C:\Users\SAMIRS~1\AppData\Local\Temp\selenium-manager5054068882508009504520690447148881\selenium-manager.exe, --browser, firefox, --output, json]
thread &apos;main&apos; panicked at &apos;called `Result::unwrap()` on an `Err` value: Os { code: 1920, kind: Uncategorized, message: &quot;The file cannot be accessed by the system.&quot; }&apos;, src\lib.rs:656:14
note: run with `RUST_BACKTRACE=1` environment variable to display a backtrace

	at org.openqa.selenium.remote.service.DriverFinder.getPath(DriverFinder.java:25)
	at org.openqa.selenium.remote.service.DriverFinder.getPath(DriverFinder.java:13)
	at org.openqa.selenium.firefox.FirefoxDriver.generateExecutor(FirefoxDriver.java:141)
	at org.openqa.selenium.firefox.FirefoxDriver.&lt;init&gt;(FirefoxDriver.java:132)
	at org.openqa.selenium.firefox.FirefoxDriver.&lt;init&gt;(FirefoxDriver.java:127)
	at org.openqa.selenium.firefox.FirefoxDriver.&lt;init&gt;(FirefoxDriver.java:112)
	at org.openqa.selenium.firefox.FirefoxDriver.&lt;init&gt;(FirefoxDriver.java:102)
	at testNg.paraMetarizationUsingXml.setup(paraMetarizationUsingXml.java:25)
	at java.base/jdk.internal.reflect.DirectMethodHandleAccessor.invoke(DirectMethodHandleAccessor.java:103)
	at java.base/java.lang.reflect.Method.invoke(Method.java:580)
	at org.testng.internal.invokers.MethodInvocationHelper.invokeMethod(MethodInvocationHelper.java:141)
	at org.testng.internal.invokers.MethodInvocationHelper.invokeMethodConsideringTimeout(MethodInvocationHelper.java:71)
	at org.testng.internal.invokers.ConfigInvoker.invokeConfigurationMethod(ConfigInvoker.java:400)
	at org.testng.internal.invokers.ConfigInvoker.invokeConfigurations(ConfigInvoker.java:333)
	at org.testng.internal.invokers.TestMethodWorker.invokeBeforeClassMethods(TestMethodWorker.java:188)
	at org.testng.internal.invokers.TestMethodWorker.run(TestMethodWorker.java:128)
	at java.base/java.util.ArrayList.forEach(ArrayList.java:1597)
	at org.testng.TestRunner.privateRun(TestRunner.java:739)
	at org.testng.TestRunner.run(TestRunner.java:614)
	at org.testng.SuiteRunner.runTest(SuiteRunner.java:421)
	at org.testng.SuiteRunner$SuiteWorker.run(SuiteRunner.java:463)
	at org.testng.internal.thread.ThreadUtil.lambda$execute$0(ThreadUtil.java:64)
	at java.base/java.util.concurrent.FutureTask.run(FutureTask.java:317)
	at java.base/java.util.concurrent.ThreadPoolExecutor.runWorker(ThreadPoolExecutor.java:1144)
	at java.base/java.util.concurrent.ThreadPoolExecutor$Worker.run(ThreadPoolExecutor.java:642)
	at java.base/java.lang.Thread.run(Thread.java:1575)
Caused by: org.openqa.selenium.WebDriverException: Command failed with code: -1073740791, executed: [C:\Users\SAMIRS~1\AppData\Local\Temp\selenium-manager5054068882508009504520690447148881\selenium-manager.exe, --browser, firefox, --output, json]
thread &apos;main&apos; panicked at &apos;called `Result::unwrap()` on an `Err` value: Os { code: 1920, kind: Uncategorized, message: &quot;The file cannot be accessed by the system.&quot; }&apos;, src\lib.rs:656:14
note: run with `RUST_BACKTRACE=1` environment variable to display a backtrace

	at org.openqa.selenium.manager.SeleniumManager.runCommand(SeleniumManager.java:151)
	at org.openqa.selenium.manager.SeleniumManager.getDriverPath(SeleniumManager.java:273)
	at org.openqa.selenium.remote.service.DriverFinder.getPath(DriverFinder.java:22)
	... 25 more
Caused by: org.openqa.selenium.json.JsonException: Unable to parse: thread &apos;main&apos; panicked at &apos;called `Result::unwrap()` on an `Err` value: Os { code: 1920, kind: Uncategorized, message: &quot;The file cannot be accessed by the system.&quot; }&apos;, src\lib.rs:656:14
note: run with `RUST_BACKTRACE=1` environment variable to display a backtrace

	at org.openqa.selenium.json.Json.toType(Json.java:62)
	at org.openqa.selenium.json.Json.toType(Json.java:55)
	at org.openqa.selenium.manager.SeleniumManager.runCommand(SeleniumManager.java:131)
	... 27 more
Caused by: org.openqa.selenium.json.JsonException: Expected to read a START_MAP but instead have: BOOLEAN. Last 0 characters read: 
Build info: version: &apos;4.11.0&apos;, revision: &apos;040bc5406b&apos;
System info: os.name: &apos;Windows 11&apos;, os.arch: &apos;amd64&apos;, os.version: &apos;10.0&apos;, java.version: &apos;23&apos;
Driver info: driver.version: FirefoxDriver
	at org.openqa.selenium.json.JsonInput.expect(JsonInput.java:315)
	at org.openqa.selenium.json.JsonInput.beginObject(JsonInput.java:238)
	at org.openqa.selenium.json.InstanceCoercer.lambda$apply$0(InstanceCoercer.java:76)
	at org.openqa.selenium.json.JsonTypeCoercer.lambda$buildCoercer$6(JsonTypeCoercer.java:163)
	at org.openqa.selenium.json.JsonTypeCoercer.coerce(JsonTypeCoercer.java:145)
	at org.openqa.selenium.json.Json.toType(Json.java:76)
	at org.openqa.selenium.json.Json.toType(Json.java:60)
	... 29 more
</pre></div></td>
<td>0</td>
<td>testNg.paraMetarizationUsingXml@a1cdc6d</td></tr>
</table><p>
</body>
</html>