<?xml version="1.0" encoding="UTF-8"?>
<!-- Generated by org.testng.reporters.JUnitReportReporter -->
<testsuite hostname="LAPTOP-FBD7K1JQ" failures="0" tests="4" name="testNg.paraMetarizationUsingXml" time="19.776" errors="1" timestamp="2025-03-06T10:32:58 IST" skipped="1">
  <testcase classname="testNg.paraMetarizationUsingXml" name="login" time="0.001">
    <skipped/>
  </testcase> <!-- login -->
  <testcase classname="testNg.paraMetarizationUsingXml" name="login" time="5.357"/>
  <testcase classname="testNg.paraMetarizationUsingXml" name="login" time="5.538"/>
  <testcase classname="testNg.paraMetarizationUsingXml" name="setup" time="8.880">
    <error message="Unable to obtain: Capabilities {acceptInsecureCerts: true, browserName: firefox, moz:debuggerAddress: true, moz:firefoxOptions: {}}, error Command failed with code: -1073740791, executed: [C:\Users\SAMIRS~1\AppData\Local\Temp\selenium-manager5054068882508009504520690447148881\selenium-manager.exe, --browser, firefox, --output, json]
thread &#039;main&#039; panicked at &#039;called `Result::unwrap()` on an `Err` value: Os { code: 1920, kind: Uncategorized, message: &quot;The file cannot be accessed by the system.&quot; }&#039;, src\lib.rs:656:14
note: run with `RUST_BACKTRACE=1` environment variable to display a backtrace
" type="org.openqa.selenium.remote.NoSuchDriverException">
      <![CDATA[org.openqa.selenium.remote.NoSuchDriverException: Unable to obtain: Capabilities {acceptInsecureCerts: true, browserName: firefox, moz:debuggerAddress: true, moz:firefoxOptions: {}}, error Command failed with code: -1073740791, executed: [C:\Users\SAMIRS~1\AppData\Local\Temp\selenium-manager5054068882508009504520690447148881\selenium-manager.exe, --browser, firefox, --output, json]
thread 'main' panicked at 'called `Result::unwrap()` on an `Err` value: Os { code: 1920, kind: Uncategorized, message: "The file cannot be accessed by the system." }', src\lib.rs:656:14
note: run with `RUST_BACKTRACE=1` environment variable to display a backtrace

at org.openqa.selenium.remote.service.DriverFinder.getPath(DriverFinder.java:25)
at org.openqa.selenium.remote.service.DriverFinder.getPath(DriverFinder.java:13)
at org.openqa.selenium.firefox.FirefoxDriver.generateExecutor(FirefoxDriver.java:141)
at org.openqa.selenium.firefox.FirefoxDriver.<init>(FirefoxDriver.java:132)
at org.openqa.selenium.firefox.FirefoxDriver.<init>(FirefoxDriver.java:127)
at org.openqa.selenium.firefox.FirefoxDriver.<init>(FirefoxDriver.java:112)
at org.openqa.selenium.firefox.FirefoxDriver.<init>(FirefoxDriver.java:102)
at testNg.paraMetarizationUsingXml.setup(paraMetarizationUsingXml.java:25)
at java.base/jdk.internal.reflect.DirectMethodHandleAccessor.invoke(DirectMethodHandleAccessor.java:103)
at java.base/java.lang.reflect.Method.invoke(Method.java:580)
at org.testng.internal.invokers.MethodInvocationHelper.invokeMethod(MethodInvocationHelper.java:141)
at org.testng.internal.invokers.MethodInvocationHelper.invokeMethodConsideringTimeout(MethodInvocationHelper.java:71)
at org.testng.internal.invokers.ConfigInvoker.invokeConfigurationMethod(ConfigInvoker.java:400)
at org.testng.internal.invokers.ConfigInvoker.invokeConfigurations(ConfigInvoker.java:333)
at org.testng.internal.invokers.TestMethodWorker.invokeBeforeClassMethods(TestMethodWorker.java:188)
at org.testng.internal.invokers.TestMethodWorker.run(TestMethodWorker.java:128)
at java.base/java.util.ArrayList.forEach(ArrayList.java:1597)
at org.testng.TestRunner.privateRun(TestRunner.java:739)
at org.testng.TestRunner.run(TestRunner.java:614)
at org.testng.SuiteRunner.runTest(SuiteRunner.java:421)
at org.testng.SuiteRunner$SuiteWorker.run(SuiteRunner.java:463)
at org.testng.internal.thread.ThreadUtil.lambda$execute$0(ThreadUtil.java:64)
at java.base/java.util.concurrent.FutureTask.run(FutureTask.java:317)
at java.base/java.util.concurrent.ThreadPoolExecutor.runWorker(ThreadPoolExecutor.java:1144)
at java.base/java.util.concurrent.ThreadPoolExecutor$Worker.run(ThreadPoolExecutor.java:642)
at java.base/java.lang.Thread.run(Thread.java:1575)
Caused by: org.openqa.selenium.WebDriverException: Command failed with code: -1073740791, executed: [C:\Users\SAMIRS~1\AppData\Local\Temp\selenium-manager5054068882508009504520690447148881\selenium-manager.exe, --browser, firefox, --output, json]
thread 'main' panicked at 'called `Result::unwrap()` on an `Err` value: Os { code: 1920, kind: Uncategorized, message: "The file cannot be accessed by the system." }', src\lib.rs:656:14
note: run with `RUST_BACKTRACE=1` environment variable to display a backtrace

at org.openqa.selenium.manager.SeleniumManager.runCommand(SeleniumManager.java:151)
at org.openqa.selenium.manager.SeleniumManager.getDriverPath(SeleniumManager.java:273)
at org.openqa.selenium.remote.service.DriverFinder.getPath(DriverFinder.java:22)
... 25 more
Caused by: org.openqa.selenium.json.JsonException: Unable to parse: thread 'main' panicked at 'called `Result::unwrap()` on an `Err` value: Os { code: 1920, kind: Uncategorized, message: "The file cannot be accessed by the system." }', src\lib.rs:656:14
note: run with `RUST_BACKTRACE=1` environment variable to display a backtrace

at org.openqa.selenium.json.Json.toType(Json.java:62)
at org.openqa.selenium.json.Json.toType(Json.java:55)
at org.openqa.selenium.manager.SeleniumManager.runCommand(SeleniumManager.java:131)
... 27 more
Caused by: org.openqa.selenium.json.JsonException: Expected to read a START_MAP but instead have: BOOLEAN. Last 0 characters read: 
Build info: version: '4.11.0', revision: '040bc5406b'
System info: os.name: 'Windows 11', os.arch: 'amd64', os.version: '10.0', java.version: '23'
Driver info: driver.version: FirefoxDriver
at org.openqa.selenium.json.JsonInput.expect(JsonInput.java:315)
at org.openqa.selenium.json.JsonInput.beginObject(JsonInput.java:238)
at org.openqa.selenium.json.InstanceCoercer.lambda$apply$0(InstanceCoercer.java:76)
at org.openqa.selenium.json.JsonTypeCoercer.lambda$buildCoercer$6(JsonTypeCoercer.java:163)
at org.openqa.selenium.json.JsonTypeCoercer.coerce(JsonTypeCoercer.java:145)
at org.openqa.selenium.json.Json.toType(Json.java:76)
at org.openqa.selenium.json.Json.toType(Json.java:60)
... 29 more
]]>
    </error>
  </testcase> <!-- setup -->
</testsuite> <!-- testNg.paraMetarizationUsingXml -->
